2024-11-26 23:45:39,225 - Connected with tracker server at localhost:5050
2024-11-26 23:45:39,225 - Peer activity log started
2024-11-26 23:45:39,225 - Peer initialized with IP: localhost and Port: 54828
2024-11-26 23:45:40,138 - Listening for peer connections on localhost:54828
2024-11-26 23:45:40,138 - Received list of available files from tracker: [{'filename': 'Assignment 2 (2).pdf', 'size': 2922842, 'info_hash': 'f32270772a7108c568d44f87af0b882b50e730cd'}]
2024-11-26 23:45:51,589 - Received list of available files from tracker: [{'filename': 'Assignment 2 (2).pdf', 'size': 2922842, 'info_hash': 'f32270772a7108c568d44f87af0b882b50e730cd'}]
2024-11-26 23:45:53,215 - Fetched peer list: [(1, 'localhost', 49616), (2, 'localhost', 30520), (6, 'localhost', 10381)]
2024-11-26 23:45:53,215 - Initiating download file name: Assignment 2 (2).pdf, file size: 2922842 bytes, number of pieces: 6
2024-11-26 23:45:53,215 - Piece assignments: [((1, 'localhost', 49616), 0), ((2, 'localhost', 30520), 1), ((6, 'localhost', 10381), 2), ((1, 'localhost', 49616), 3), ((2, 'localhost', 30520), 4), ((6, 'localhost', 10381), 5)]
2024-11-26 23:45:53,215 - Requesting piece 0 from localhost:49616
2024-11-26 23:45:53,215 - Requesting piece 1 from localhost:30520
2024-11-26 23:45:53,215 - Requesting piece 2 from localhost:10381
2024-11-26 23:45:53,224 - Requesting piece 3 from localhost:49616
2024-11-26 23:45:53,225 - Requesting piece 4 from localhost:30520
2024-11-26 23:45:53,225 - Successfully downloaded piece 1 from peer_id 2 localhost:30520
2024-11-26 23:45:53,225 - Successfully downloaded piece 2 from peer_id 6 localhost:10381
2024-11-26 23:45:53,225 - Requesting piece 5 from localhost:10381
2024-11-26 23:45:53,225 - Successfully downloaded piece 0 from peer_id 1 localhost:49616
2024-11-26 23:45:53,225 - Successfully downloaded piece 3 from peer_id 1 localhost:49616
2024-11-26 23:45:53,225 - Successfully downloaded piece 4 from peer_id 2 localhost:30520
2024-11-26 23:45:53,225 - Successfully downloaded piece 5 from peer_id 6 localhost:10381
2024-11-26 23:45:53,225 - File Assignment 2 (2).pdf saved successfully
2024-11-26 23:46:29,335 - Published file: Assignment 2 (2).pdf, 2922842 bytes, f32270772a7108c568d44f87af0b882b50e730cd
2024-11-26 23:46:29,335 - Received list of available files from tracker: []
2024-11-26 23:46:31,600 - New connection from ('127.0.0.1', 55461)
2024-11-26 23:46:31,601 - Handling connection from ('127.0.0.1', 55461)
2024-11-26 23:46:31,601 - Received request from ('127.0.0.1', 55461): get_piece
2024-11-26 23:46:31,603 - Sent piece 2 of D:/K22_KHMT_HCMUT/HK241/ComNet/Assignment1/CO3093_Computer_Network/repo_edith/Assignment 2 (2).pdf to peer 3
2024-11-26 23:47:31,412 - Received list of available files from tracker: [{'filename': 'Report (3).pdf', 'size': 6299773, 'info_hash': '22be793f9efce603b2b9faae5112ff0e8bdf20ea'}]
2024-11-26 23:47:32,632 - Fetched peer list: [(1, 'localhost', 49616), (3, 'localhost', 54039)]
2024-11-26 23:47:32,632 - Initiating download file name: Report (3).pdf, file size: 6299773 bytes, number of pieces: 13
2024-11-26 23:47:32,632 - Ranked peers based on uploaded contributions: [(1, 'localhost', 49616), (3, 'localhost', 54039)]
2024-11-26 23:47:32,632 - Piece assignments: [((1, 'localhost', 49616), 0), ((3, 'localhost', 54039), 1), ((1, 'localhost', 49616), 2), ((3, 'localhost', 54039), 3), ((1, 'localhost', 49616), 4), ((3, 'localhost', 54039), 5), ((1, 'localhost', 49616), 6), ((3, 'localhost', 54039), 7), ((1, 'localhost', 49616), 8), ((3, 'localhost', 54039), 9), ((1, 'localhost', 49616), 10), ((3, 'localhost', 54039), 11), ((1, 'localhost', 49616), 12)]
2024-11-26 23:47:32,640 - Requesting piece 0 from localhost:49616
2024-11-26 23:47:32,640 - Requesting piece 1 from localhost:54039
2024-11-26 23:47:32,640 - Requesting piece 2 from localhost:49616
2024-11-26 23:47:32,642 - Requesting piece 3 from localhost:54039
2024-11-26 23:47:32,643 - Successfully downloaded piece 0 from peer_id 1 localhost:49616
2024-11-26 23:47:32,643 - Successfully downloaded piece 1 from peer_id 3 localhost:54039
2024-11-26 23:47:32,645 - Successfully downloaded piece 2 from peer_id 1 localhost:49616
2024-11-26 23:47:32,645 - Successfully downloaded piece 3 from peer_id 3 localhost:54039
2024-11-26 23:47:32,647 - Requesting piece 4 from localhost:49616
2024-11-26 23:47:32,648 - Requesting piece 5 from localhost:54039
2024-11-26 23:47:32,648 - Requesting piece 6 from localhost:49616
2024-11-26 23:47:32,648 - Requesting piece 7 from localhost:54039
2024-11-26 23:47:32,650 - Successfully downloaded piece 4 from peer_id 1 localhost:49616
2024-11-26 23:47:32,650 - Successfully downloaded piece 5 from peer_id 3 localhost:54039
2024-11-26 23:47:32,651 - Successfully downloaded piece 6 from peer_id 1 localhost:49616
2024-11-26 23:47:32,651 - Successfully downloaded piece 7 from peer_id 3 localhost:54039
2024-11-26 23:47:32,653 - Requesting piece 8 from localhost:49616
2024-11-26 23:47:32,653 - Requesting piece 9 from localhost:54039
2024-11-26 23:47:32,654 - Requesting piece 10 from localhost:49616
2024-11-26 23:47:32,654 - Requesting piece 11 from localhost:54039
2024-11-26 23:47:32,655 - Successfully downloaded piece 8 from peer_id 1 localhost:49616
2024-11-26 23:47:32,655 - Successfully downloaded piece 9 from peer_id 3 localhost:54039
2024-11-26 23:47:32,657 - Successfully downloaded piece 10 from peer_id 1 localhost:49616
2024-11-26 23:47:32,657 - Successfully downloaded piece 11 from peer_id 3 localhost:54039
2024-11-26 23:47:32,657 - Requesting piece 12 from localhost:49616
2024-11-26 23:47:32,657 - Successfully downloaded piece 12 from peer_id 1 localhost:49616
2024-11-26 23:47:32,657 - File Report (3).pdf saved successfully
2024-11-26 23:47:42,569 - Published file: Report (3).pdf, 6299773 bytes, 22be793f9efce603b2b9faae5112ff0e8bdf20ea
2024-11-26 23:47:42,577 - Received list of available files from tracker: []
2024-11-26 23:47:51,715 - New connection from ('127.0.0.1', 55501)
2024-11-26 23:47:51,715 - Handling connection from ('127.0.0.1', 55501)
2024-11-26 23:47:51,715 - Received request from ('127.0.0.1', 55501): get_piece
2024-11-26 23:47:51,720 - Sent piece 2 of D:/K22_KHMT_HCMUT/HK241/ComNet/Assignment1/CO3093_Computer_Network/repo_edith/Report (3).pdf to peer 6
2024-11-26 23:47:51,722 - New connection from ('127.0.0.1', 55504)
2024-11-26 23:47:51,722 - Handling connection from ('127.0.0.1', 55504)
2024-11-26 23:47:51,723 - Received request from ('127.0.0.1', 55504): get_piece
2024-11-26 23:47:51,724 - Sent piece 5 of D:/K22_KHMT_HCMUT/HK241/ComNet/Assignment1/CO3093_Computer_Network/repo_edith/Report (3).pdf to peer 6
2024-11-26 23:47:51,727 - New connection from ('127.0.0.1', 55507)
2024-11-26 23:47:51,728 - Handling connection from ('127.0.0.1', 55507)
2024-11-26 23:47:51,728 - Received request from ('127.0.0.1', 55507): get_piece
2024-11-26 23:47:51,729 - New connection from ('127.0.0.1', 55510)
2024-11-26 23:47:51,729 - Sent piece 8 of D:/K22_KHMT_HCMUT/HK241/ComNet/Assignment1/CO3093_Computer_Network/repo_edith/Report (3).pdf to peer 6
2024-11-26 23:47:51,729 - Handling connection from ('127.0.0.1', 55510)
2024-11-26 23:47:51,729 - Received request from ('127.0.0.1', 55510): get_piece
2024-11-26 23:47:51,731 - Sent piece 11 of D:/K22_KHMT_HCMUT/HK241/ComNet/Assignment1/CO3093_Computer_Network/repo_edith/Report (3).pdf to peer 6
2024-11-26 23:48:51,047 - New connection from ('127.0.0.1', 55525)
2024-11-26 23:48:51,047 - Handling connection from ('127.0.0.1', 55525)
2024-11-26 23:48:51,047 - Received request from ('127.0.0.1', 55525): get_piece
2024-11-26 23:48:51,051 - Sent piece 2 of D:/K22_KHMT_HCMUT/HK241/ComNet/Assignment1/CO3093_Computer_Network/repo_edith/Report (3).pdf to peer 2
2024-11-26 23:48:51,051 - New connection from ('127.0.0.1', 55529)
2024-11-26 23:48:51,051 - Handling connection from ('127.0.0.1', 55529)
2024-11-26 23:48:51,051 - Received request from ('127.0.0.1', 55529): get_piece
2024-11-26 23:48:51,053 - Sent piece 6 of D:/K22_KHMT_HCMUT/HK241/ComNet/Assignment1/CO3093_Computer_Network/repo_edith/Report (3).pdf to peer 2
2024-11-26 23:48:51,057 - New connection from ('127.0.0.1', 55533)
2024-11-26 23:48:51,057 - Handling connection from ('127.0.0.1', 55533)
2024-11-26 23:48:51,057 - Received request from ('127.0.0.1', 55533): get_piece
2024-11-26 23:48:51,057 - Sent piece 10 of D:/K22_KHMT_HCMUT/HK241/ComNet/Assignment1/CO3093_Computer_Network/repo_edith/Report (3).pdf to peer 2
2024-11-26 23:51:00,232 - Peer activity log ended
2024-11-27 09:52:44,074 - Connected with tracker server at localhost:5050
2024-11-27 09:52:44,074 - Peer activity log started
2024-11-27 09:52:44,074 - Peer initialized with IP: localhost and Port: 30431
2024-11-27 09:52:45,604 - Listening for peer connections on localhost:30431
2024-11-27 09:52:45,612 - Received list of available files from tracker: [{'filename': 'Assignment 2 (2).pdf', 'size': 2922842, 'info_hash': 'f32270772a7108c568d44f87af0b882b50e730cd'}]
2024-11-27 09:52:53,517 - Fetched peer list: [(1, 'localhost', 51099), (2, 'localhost', 48950)]
2024-11-27 09:52:53,517 - Initiating download file name: Assignment 2 (2).pdf, file size: 2922842 bytes, number of pieces: 6
2024-11-27 09:52:53,517 - Piece assignments: [((1, 'localhost', 51099), 0), ((2, 'localhost', 48950), 1), ((1, 'localhost', 51099), 2), ((2, 'localhost', 48950), 3), ((1, 'localhost', 51099), 4), ((2, 'localhost', 48950), 5)]
2024-11-27 09:52:53,517 - Requesting piece 0 from localhost:51099
2024-11-27 09:52:53,517 - Requesting piece 1 from localhost:48950
2024-11-27 09:52:53,517 - Requesting piece 2 from localhost:51099
2024-11-27 09:52:53,533 - Requesting piece 3 from localhost:48950
2024-11-27 09:52:53,535 - Successfully downloaded piece 1 from peer_id 2 localhost:48950
2024-11-27 09:52:53,536 - Successfully downloaded piece 0 from peer_id 1 localhost:51099
2024-11-27 09:52:53,537 - Successfully downloaded piece 2 from peer_id 1 localhost:51099
2024-11-27 09:52:53,537 - Successfully downloaded piece 3 from peer_id 2 localhost:48950
2024-11-27 09:52:53,539 - Requesting piece 4 from localhost:51099
2024-11-27 09:52:53,539 - Requesting piece 5 from localhost:48950
2024-11-27 09:52:53,542 - Successfully downloaded piece 5 from peer_id 2 localhost:48950
2024-11-27 09:52:53,542 - Successfully downloaded piece 4 from peer_id 1 localhost:51099
2024-11-27 09:52:53,542 - File Assignment 2 (2).pdf saved successfully
2024-11-27 10:04:42,025 - Peer activity log ended
2024-11-27 11:43:24,697 - Connected with tracker server at localhost:5050
2024-11-27 11:43:24,697 - Peer activity log started
2024-11-27 11:43:24,697 - Peer initialized with IP: localhost and Port: 27422
2024-11-27 11:43:25,463 - Listening for peer connections on localhost:27422
2024-11-27 11:43:25,463 - Received list of available files from tracker: []
2024-11-27 11:43:54,610 - Received list of available files from tracker: [{'filename': 'yoochoose-clicks.csv', 'size': 1519802169, 'info_hash': '7ea45db917af36bf6dd1a333b3b3255715df7d6c'}]
2024-11-27 11:43:58,332 - Fetched peer list: [(1, 'localhost', 20719)]
2024-11-27 11:43:58,332 - Initiating download file name: yoochoose-clicks.csv, file size: 1519802169 bytes, number of pieces: 2899
2024-11-27 11:44:32,398 - Fetched peer list: [(1, 'localhost', 20719)]
2024-11-27 11:44:32,398 - Initiating download file name: yoochoose-clicks.csv, file size: 1519802169 bytes, number of pieces: 2899
2024-11-27 11:44:36,909 - Fetched peer list: [(1, 'localhost', 20719)]
2024-11-27 11:44:36,909 - Initiating download file name: yoochoose-clicks.csv, file size: 1519802169 bytes, number of pieces: 2899
2024-11-27 11:44:38,552 - Peer activity log ended
2024-11-27 12:32:27,349 - Connected with tracker server at localhost:5050
2024-11-27 12:32:27,349 - Peer activity log started
2024-11-27 12:32:27,349 - Peer initialized with IP: localhost and Port: 27089
2024-11-27 12:32:28,329 - Listening for peer connections on localhost:27089
2024-11-27 12:32:28,331 - Received list of available files from tracker: [{'filename': 'Assignment 2 (2).pdf', 'size': 2922842, 'info_hash': 'f32270772a7108c568d44f87af0b882b50e730cd'}, {'filename': 'peer.py', 'size': 24740, 'info_hash': 'f637a0e344eb17811ce4fd0a568cb179ea72984a'}]
2024-11-27 12:32:33,630 - Fetched peer list: [(1, 'localhost', 31062), (2, 'localhost', 38586)]
2024-11-27 12:32:33,630 - Initiating download file name: Assignment 2 (2).pdf, file size: 2922842 bytes, number of pieces: 6
2024-11-27 12:33:10,005 - Fetched peer list: [(1, 'localhost', 31062), (2, 'localhost', 38586)]
2024-11-27 12:33:10,005 - Initiating download file name: Assignment 2 (2).pdf, file size: 2922842 bytes, number of pieces: 6
2024-11-27 12:33:13,363 - Fetched peer list: [(2, 'localhost', 38586)]
2024-11-27 12:33:13,364 - Initiating download file name: peer.py, file size: 24740 bytes, number of pieces: 1
2024-11-27 12:55:07,402 - Peer activity log ended
2024-11-27 12:56:42,777 - Connected with tracker server at localhost:5050
2024-11-27 12:56:42,777 - Peer activity log started
2024-11-27 12:56:42,777 - Peer initialized with IP: localhost and Port: 24892
2024-11-27 12:56:43,733 - Listening for peer connections on localhost:24892
2024-11-27 12:56:43,735 - Received list of available files from tracker: [{'filename': 'Assignment 2 (2).pdf', 'size': 2922842, 'info_hash': 'f32270772a7108c568d44f87af0b882b50e730cd'}]
2024-11-27 12:56:45,455 - Fetched peer list: [(1, 'localhost', 57737), (2, 'localhost', 57320)]
2024-11-27 12:56:45,455 - Initiating download file name: Assignment 2 (2).pdf, file size: 2922842 bytes, number of pieces: 6
2024-11-27 13:24:08,569 - Peer activity log ended
